<?xml version="1.0" encoding="UTF-8"?>
<robot generator="Robot 6.0.1 (Python 3.11.1 on win32)" generated="20221220 00:29:24.284" rpa="false" schemaversion="3">
<suite id="s1" name="Hello" source="D:\PycharmProjects\RobotFWvscode\Hello.robot">
<test id="s1-t1" name="Open dafalulu" line="13">
<kw name="Open chrome">
<kw name="Open Browser" library="SeleniumLibrary">
<arg>${url_daflu}</arg>
<arg>chrome</arg>
<doc>Opens a new browser instance to the optional ``url``.</doc>
<msg timestamp="20221220 00:29:24.564" level="INFO">Opening browser 'chrome' to base url 'https://dafalulu.ruangguru.com/'.</msg>
<status status="PASS" starttime="20221220 00:29:24.563" endtime="20221220 00:29:27.478"/>
</kw>
<status status="PASS" starttime="20221220 00:29:24.563" endtime="20221220 00:29:27.478"/>
</kw>
<kw name="Page Should Contain" library="SeleniumLibrary">
<arg>Halo, selamat datang</arg>
<doc>Verifies that current page contains ``text``.</doc>
<msg timestamp="20221220 00:29:27.542" level="INFO">Current page contains text 'Halo, selamat datang'.</msg>
<status status="PASS" starttime="20221220 00:29:27.479" endtime="20221220 00:29:27.542"/>
</kw>
<status status="PASS" starttime="20221220 00:29:24.562" endtime="20221220 00:29:27.544"/>
</test>
<test id="s1-t2" name="DemoQA input text" line="17">
<kw name="Open Browser" library="SeleniumLibrary">
<arg>${url_demoqa}</arg>
<arg>chrome</arg>
<doc>Opens a new browser instance to the optional ``url``.</doc>
<msg timestamp="20221220 00:29:27.546" level="INFO">Opening browser 'chrome' to base url 'https://demoqa.com/text-box'.</msg>
<status status="PASS" starttime="20221220 00:29:27.545" endtime="20221220 00:29:35.470"/>
</kw>
<kw name="Input Text" library="SeleniumLibrary">
<arg>id=userName</arg>
<arg>lopes</arg>
<doc>Types the given ``text`` into the text field identified by ``locator``.</doc>
<msg timestamp="20221220 00:29:35.471" level="INFO">Typing text 'lopes' into text field 'id=userName'.</msg>
<status status="PASS" starttime="20221220 00:29:35.470" endtime="20221220 00:29:35.588"/>
</kw>
<status status="PASS" starttime="20221220 00:29:27.545" endtime="20221220 00:29:35.597"/>
</test>
<status status="PASS" starttime="20221220 00:29:24.287" endtime="20221220 00:29:35.598"/>
</suite>
<statistics>
<total>
<stat pass="2" fail="0" skip="0">All Tests</stat>
</total>
<tag>
</tag>
<suite>
<stat pass="2" fail="0" skip="0" id="s1" name="Hello">Hello</stat>
</suite>
</statistics>
<errors>
</errors>
</robot>
