<?xml version="1.0" encoding="UTF-8"?>
<robot generator="Robot 6.0.2 (Python 3.11.1 on win32)" generated="20230205 12:39:23.733" rpa="false" schemaversion="3">
<suite id="s1" name="DemoQA" source="D:\PycharmProjects\RobotFW\Porto\AutomateRFM\DemoQA.robot">
<test id="s1-t1" name="Test Drag and Drop Element To New Window" line="31">
<kw name="Open Browser To Drag And Drop Page">
<kw name="Open Homepage">
<kw name="Open Browser" library="SeleniumLibrary">
<arg>${url_demoQA}</arg>
<arg>chrome</arg>
<doc>Opens a new browser instance to the optional ``url``.</doc>
<msg timestamp="20230205 12:39:23.999" level="INFO">Opening browser 'chrome' to base url 'https://demoqa.com/'.</msg>
<status status="PASS" starttime="20230205 12:39:23.999" endtime="20230205 12:39:30.191"/>
</kw>
<status status="PASS" starttime="20230205 12:39:23.983" endtime="20230205 12:39:30.191"/>
</kw>
<kw name="Maximize Browser Window" library="SeleniumLibrary">
<doc>Maximizes current browser window.</doc>
<status status="PASS" starttime="20230205 12:39:30.191" endtime="20230205 12:39:30.307"/>
</kw>
<kw name="Wait Until Page Contains Element" library="SeleniumLibrary">
<arg>xpath=//*[@id="app"]/div/div/div[1]/a/img</arg>
<doc>Waits until the element ``locator`` appears on the current page.</doc>
<status status="PASS" starttime="20230205 12:39:30.307" endtime="20230205 12:39:30.329"/>
</kw>
<status status="PASS" starttime="20230205 12:39:23.983" endtime="20230205 12:39:30.329"/>
</kw>
<kw name="Drag And Drop Element To New Window">
<kw name="Click Element" library="SeleniumLibrary">
<arg>xpath=//*[@id="app"]/div/div/div[1]/a/img</arg>
<doc>Click the element identified by ``locator``.</doc>
<msg timestamp="20230205 12:39:30.331" level="INFO">Clicking element 'xpath=//*[@id="app"]/div/div/div[1]/a/img'.</msg>
<status status="PASS" starttime="20230205 12:39:30.330" endtime="20230205 12:39:30.418"/>
</kw>
<kw name="Switch Window" library="SeleniumLibrary">
<arg>title=Tools QA - Selenium Training</arg>
<doc>Switches to browser window matching ``locator``.</doc>
<status status="PASS" starttime="20230205 12:39:30.418" endtime="20230205 12:39:31.886"/>
</kw>
<kw name="Title Should Be" library="SeleniumLibrary">
<arg>Tools QA - Selenium Training</arg>
<doc>Verifies that the current page title equals ``title``.</doc>
<msg timestamp="20230205 12:39:31.889" level="INFO">Page title is 'Tools QA - Selenium Training'.</msg>
<status status="PASS" starttime="20230205 12:39:31.887" endtime="20230205 12:39:31.889"/>
</kw>
<kw name="Sleep" library="BuiltIn">
<arg>3s</arg>
<doc>Pauses the test executed for the given time.</doc>
<msg timestamp="20230205 12:39:34.890" level="INFO">Slept 3 seconds</msg>
<status status="PASS" starttime="20230205 12:39:31.889" endtime="20230205 12:39:34.890"/>
</kw>
<kw name="Switch Window" library="SeleniumLibrary">
<arg>title=DEMOQA</arg>
<doc>Switches to browser window matching ``locator``.</doc>
<status status="PASS" starttime="20230205 12:39:34.890" endtime="20230205 12:39:34.932"/>
</kw>
<kw name="Click Element" library="SeleniumLibrary">
<arg>xpath=//*[@id="app"]/div/div/div[2]/div/div[4]</arg>
<doc>Click the element identified by ``locator``.</doc>
<msg timestamp="20230205 12:39:34.933" level="INFO">Clicking element 'xpath=//*[@id="app"]/div/div/div[2]/div/div[4]'.</msg>
<status status="PASS" starttime="20230205 12:39:34.932" endtime="20230205 12:39:35.071"/>
</kw>
<kw name="Page Should Contain Element" library="SeleniumLibrary">
<arg>xpath=//*[@id="app"]/header/a</arg>
<doc>Verifies that element ``locator`` is found on the current page.</doc>
<msg timestamp="20230205 12:39:35.100" level="INFO">Current page contains element 'xpath=//*[@id="app"]/header/a'.</msg>
<status status="PASS" starttime="20230205 12:39:35.071" endtime="20230205 12:39:35.100"/>
</kw>
<kw name="Drag And Drop By Offset" library="SeleniumLibrary">
<arg>xpath=//*[@id="app"]/header/a</arg>
<arg>50</arg>
<arg>50</arg>
<doc>Drags the element identified with ``locator`` by ``xoffset/yoffset``.</doc>
<status status="PASS" starttime="20230205 12:39:35.100" endtime="20230205 12:40:29.231"/>
</kw>
<kw name="Sleep" library="BuiltIn">
<arg>5s</arg>
<doc>Pauses the test executed for the given time.</doc>
<msg timestamp="20230205 12:40:34.232" level="INFO">Slept 5 seconds</msg>
<status status="PASS" starttime="20230205 12:40:29.231" endtime="20230205 12:40:34.232"/>
</kw>
<status status="PASS" starttime="20230205 12:39:30.330" endtime="20230205 12:40:34.232"/>
</kw>
<kw name="Verify Element Is In New Window">
<kw name="Page Should Contain Element" library="SeleniumLibrary">
<arg>xpath=//*[@id="app"]/header/a</arg>
<doc>Verifies that element ``locator`` is found on the current page.</doc>
<msg timestamp="20230205 12:40:34.243" level="INFO">Current page contains element 'xpath=//*[@id="app"]/header/a'.</msg>
<status status="PASS" starttime="20230205 12:40:34.233" endtime="20230205 12:40:34.243"/>
</kw>
<status status="PASS" starttime="20230205 12:40:34.232" endtime="20230205 12:40:34.243"/>
</kw>
<kw name="Close Browser" library="SeleniumLibrary">
<doc>Closes the current browser.</doc>
<status status="PASS" starttime="20230205 12:40:34.243" endtime="20230205 12:40:36.531"/>
</kw>
<status status="PASS" starttime="20230205 12:39:23.983" endtime="20230205 12:40:36.531"/>
</test>
<status status="PASS" starttime="20230205 12:39:23.749" endtime="20230205 12:40:36.531"/>
</suite>
<statistics>
<total>
<stat pass="1" fail="0" skip="0">All Tests</stat>
</total>
<tag>
</tag>
<suite>
<stat pass="1" fail="0" skip="0" id="s1" name="DemoQA">DemoQA</stat>
</suite>
</statistics>
<errors>
</errors>
</robot>
