<?xml version="1.0" encoding="UTF-8"?>
<robot generator="Robot 6.0.2 (Python 3.11.1 on win32)" generated="20230215 22:47:04.456" rpa="false" schemaversion="3">
<suite id="s1" name="DemoQA" source="D:\PycharmProjects\RobotFW\Porto\AutomateRFM\DemoQA.robot">
<test id="s1-t1" name="Test Drag and Drop Element To New Window" line="36">
<kw name="Open Browser To Drag And Drop Page">
<kw name="Open Homepage">
<kw name="Open Browser" library="SeleniumLibrary">
<arg>${url_demoQA}</arg>
<arg>chrome</arg>
<doc>Opens a new browser instance to the optional ``url``.</doc>
<msg timestamp="20230215 22:47:04.747" level="INFO">Opening browser 'chrome' to base url 'https://demoqa.com/'.</msg>
<status status="PASS" starttime="20230215 22:47:04.747" endtime="20230215 22:47:11.674"/>
</kw>
<status status="PASS" starttime="20230215 22:47:04.747" endtime="20230215 22:47:11.674"/>
</kw>
<kw name="Maximize Browser Window" library="SeleniumLibrary">
<doc>Maximizes current browser window.</doc>
<status status="PASS" starttime="20230215 22:47:11.675" endtime="20230215 22:47:11.808"/>
</kw>
<kw name="Wait Until Page Contains Element" library="SeleniumLibrary">
<arg>xpath=//*[@id="app"]/div/div/div[1]/a/img</arg>
<doc>Waits until the element ``locator`` appears on the current page.</doc>
<status status="PASS" starttime="20230215 22:47:11.808" endtime="20230215 22:47:11.822"/>
</kw>
<status status="PASS" starttime="20230215 22:47:04.746" endtime="20230215 22:47:11.822"/>
</kw>
<kw name="Drag And Drop Element To New Window">
<kw name="Click Element" library="SeleniumLibrary">
<arg>xpath=//*[@id="app"]/div/div/div[1]/a/img</arg>
<doc>Click the element identified by ``locator``.</doc>
<msg timestamp="20230215 22:47:11.824" level="INFO">Clicking element 'xpath=//*[@id="app"]/div/div/div[1]/a/img'.</msg>
<status status="PASS" starttime="20230215 22:47:11.823" endtime="20230215 22:47:11.974"/>
</kw>
<kw name="Switch Window" library="SeleniumLibrary">
<arg>title=Tools QA - Selenium Training</arg>
<doc>Switches to browser window matching ``locator``.</doc>
<status status="PASS" starttime="20230215 22:47:11.974" endtime="20230215 22:47:14.224"/>
</kw>
<kw name="Title Should Be" library="SeleniumLibrary">
<arg>Tools QA - Selenium Training</arg>
<doc>Verifies that the current page title equals ``title``.</doc>
<msg timestamp="20230215 22:47:14.227" level="INFO">Page title is 'Tools QA - Selenium Training'.</msg>
<status status="PASS" starttime="20230215 22:47:14.224" endtime="20230215 22:47:14.227"/>
</kw>
<kw name="Sleep" library="BuiltIn">
<arg>3s</arg>
<doc>Pauses the test executed for the given time.</doc>
<msg timestamp="20230215 22:47:17.227" level="INFO">Slept 3 seconds</msg>
<status status="PASS" starttime="20230215 22:47:14.227" endtime="20230215 22:47:17.227"/>
</kw>
<kw name="Switch Window" library="SeleniumLibrary">
<arg>title=DEMOQA</arg>
<doc>Switches to browser window matching ``locator``.</doc>
<status status="PASS" starttime="20230215 22:47:17.227" endtime="20230215 22:47:17.265"/>
</kw>
<kw name="Click Element" library="SeleniumLibrary">
<arg>xpath=//*[@id="app"]/div/div/div[2]/div/div[4]</arg>
<doc>Click the element identified by ``locator``.</doc>
<msg timestamp="20230215 22:47:17.267" level="INFO">Clicking element 'xpath=//*[@id="app"]/div/div/div[2]/div/div[4]'.</msg>
<status status="PASS" starttime="20230215 22:47:17.265" endtime="20230215 22:47:17.367"/>
</kw>
<kw name="Page Should Contain Element" library="SeleniumLibrary">
<arg>xpath=//*[@id="app"]/header/a</arg>
<doc>Verifies that element ``locator`` is found on the current page.</doc>
<msg timestamp="20230215 22:47:17.378" level="INFO">Current page contains element 'xpath=//*[@id="app"]/header/a'.</msg>
<status status="PASS" starttime="20230215 22:47:17.367" endtime="20230215 22:47:17.378"/>
</kw>
<kw name="Drag And Drop By Offset" library="SeleniumLibrary">
<arg>xpath=//*[@id="app"]/header/a</arg>
<arg>50</arg>
<arg>50</arg>
<doc>Drags the element identified with ``locator`` by ``xoffset/yoffset``.</doc>
<status status="PASS" starttime="20230215 22:47:17.379" endtime="20230215 22:47:17.924"/>
</kw>
<status status="PASS" starttime="20230215 22:47:11.823" endtime="20230215 22:47:17.924"/>
</kw>
<kw name="Verify Element Is In New Window">
<kw name="Page Should Contain Element" library="SeleniumLibrary">
<arg>xpath=//*[@id="app"]/header/a</arg>
<doc>Verifies that element ``locator`` is found on the current page.</doc>
<msg timestamp="20230215 22:47:17.932" level="INFO">Current page contains element 'xpath=//*[@id="app"]/header/a'.</msg>
<status status="PASS" starttime="20230215 22:47:17.925" endtime="20230215 22:47:17.932"/>
</kw>
<kw name="Page Should Contain" library="SeleniumLibrary">
<arg>Accordian</arg>
<doc>Verifies that current page contains ``text``.</doc>
<msg timestamp="20230215 22:47:17.943" level="INFO">Current page contains text 'Accordian'.</msg>
<status status="PASS" starttime="20230215 22:47:17.932" endtime="20230215 22:47:17.943"/>
</kw>
<kw name="Page Should Contain Element" library="SeleniumLibrary">
<arg>xpath=//*[@id="item-1"]</arg>
<doc>Verifies that element ``locator`` is found on the current page.</doc>
<msg timestamp="20230215 22:47:17.952" level="INFO">Current page contains element 'xpath=//*[@id="item-1"]'.</msg>
<status status="PASS" starttime="20230215 22:47:17.943" endtime="20230215 22:47:17.952"/>
</kw>
<kw name="Page Should Contain Element" library="SeleniumLibrary">
<arg>xpath=//*[@id="item-2"]</arg>
<doc>Verifies that element ``locator`` is found on the current page.</doc>
<msg timestamp="20230215 22:47:17.961" level="INFO">Current page contains element 'xpath=//*[@id="item-2"]'.</msg>
<status status="PASS" starttime="20230215 22:47:17.952" endtime="20230215 22:47:17.961"/>
</kw>
<kw name="Page Should Contain Element" library="SeleniumLibrary">
<arg>xpath=//*[@id="item-3"]</arg>
<doc>Verifies that element ``locator`` is found on the current page.</doc>
<msg timestamp="20230215 22:47:17.970" level="INFO">Current page contains element 'xpath=//*[@id="item-3"]'.</msg>
<status status="PASS" starttime="20230215 22:47:17.961" endtime="20230215 22:47:17.970"/>
</kw>
<kw name="Page Should Contain Element" library="SeleniumLibrary">
<arg>xpath=//*[@id="item-4"]</arg>
<doc>Verifies that element ``locator`` is found on the current page.</doc>
<msg timestamp="20230215 22:47:17.979" level="INFO">Current page contains element 'xpath=//*[@id="item-4"]'.</msg>
<status status="PASS" starttime="20230215 22:47:17.970" endtime="20230215 22:47:17.979"/>
</kw>
<kw name="Page Should Contain Element" library="SeleniumLibrary">
<arg>xpath=//*[@id="item-5"]</arg>
<doc>Verifies that element ``locator`` is found on the current page.</doc>
<msg timestamp="20230215 22:47:17.988" level="INFO">Current page contains element 'xpath=//*[@id="item-5"]'.</msg>
<status status="PASS" starttime="20230215 22:47:17.979" endtime="20230215 22:47:17.988"/>
</kw>
<kw name="Page Should Contain Element" library="SeleniumLibrary">
<arg>xpath=//*[@id="item-6"]</arg>
<doc>Verifies that element ``locator`` is found on the current page.</doc>
<msg timestamp="20230215 22:47:17.998" level="INFO">Current page contains element 'xpath=//*[@id="item-6"]'.</msg>
<status status="PASS" starttime="20230215 22:47:17.988" endtime="20230215 22:47:17.998"/>
</kw>
<kw name="Page Should Contain Element" library="SeleniumLibrary">
<arg>xpath=//*[@id="item-7"]</arg>
<doc>Verifies that element ``locator`` is found on the current page.</doc>
<msg timestamp="20230215 22:47:18.007" level="INFO">Current page contains element 'xpath=//*[@id="item-7"]'.</msg>
<status status="PASS" starttime="20230215 22:47:17.998" endtime="20230215 22:47:18.007"/>
</kw>
<kw name="Page Should Contain Element" library="SeleniumLibrary">
<arg>xpath=//*[@id="item-8"]</arg>
<doc>Verifies that element ``locator`` is found on the current page.</doc>
<msg timestamp="20230215 22:47:18.015" level="INFO">Current page contains element 'xpath=//*[@id="item-8"]'.</msg>
<status status="PASS" starttime="20230215 22:47:18.007" endtime="20230215 22:47:18.015"/>
</kw>
<status status="PASS" starttime="20230215 22:47:17.925" endtime="20230215 22:47:18.016"/>
</kw>
<kw name="Close Browser" library="SeleniumLibrary">
<doc>Closes the current browser.</doc>
<status status="PASS" starttime="20230215 22:47:18.016" endtime="20230215 22:47:20.638"/>
</kw>
<doc>This is how to switch from a window to other window</doc>
<status status="PASS" starttime="20230215 22:47:04.745" endtime="20230215 22:47:20.639"/>
</test>
<status status="PASS" starttime="20230215 22:47:04.458" endtime="20230215 22:47:20.640"/>
</suite>
<statistics>
<total>
<stat pass="1" fail="0" skip="0">All Tests</stat>
</total>
<tag>
</tag>
<suite>
<stat pass="1" fail="0" skip="0" id="s1" name="DemoQA">DemoQA</stat>
</suite>
</statistics>
<errors>
</errors>
</robot>
